<?xml version="1.0" encoding="UTF-8"?>
<testng-results ignored="0" total="1" passed="1" failed="0" skipped="0">
  <reporter-output>
  </reporter-output>
  <suite started-at="2020-06-25T16:46:08 EET" name="Default suite" finished-at="2020-06-25T16:46:18 EET" duration-ms="9774">
    <groups>
    </groups>
    <test started-at="2020-06-25T16:46:08 EET" name="Default test" finished-at="2020-06-25T16:46:18 EET" duration-ms="9774">
      <class name="tests.LoginTest">
        <test-method is-config="true" signature="StartDriver(java.lang.String)[pri:0, instance:tests.LoginTest@61dd025]" started-at="2020-06-25T16:45:57 EET" name="StartDriver" finished-at="2020-06-25T16:46:08 EET" duration-ms="11130" status="PASS">
          <params>
            <param index="0">
              <value>
                <![CDATA[chrome]]>
              </value>
            </param>
          </params>
          <reporter-output>
          </reporter-output>
        </test-method> <!-- StartDriver -->
        <test-method signature="UserLogin(java.lang.String, java.lang.String)[pri:0, instance:tests.LoginTest@61dd025]" started-at="2020-06-25T16:46:08 EET" name="UserLogin" data-provider="UserLoginData" finished-at="2020-06-25T16:46:18 EET" duration-ms="9745" status="PASS">
          <params>
            <param index="0">
              <value>
                <![CDATA[rania.rashad2021@gmail.com]]>
              </value>
            </param>
            <param index="1">
              <value>
                <![CDATA[Rania123456]]>
              </value>
            </param>
          </params>
          <reporter-output>
          </reporter-output>
        </test-method> <!-- UserLogin -->
        <test-method is-config="true" signature="ScreenShot(org.testng.ITestResult)[pri:0, instance:tests.LoginTest@61dd025]" started-at="2020-06-25T16:46:18 EET" name="ScreenShot" finished-at="2020-06-25T16:46:18 EET" duration-ms="1" status="PASS">
          <params>
            <param index="0">
              <value>
                <![CDATA[[TestResult name=UserLogin status=SUCCESS method=LoginTest.UserLogin(java.lang.String, java.lang.String)[pri:0, instance:tests.LoginTest@61dd025] output={null}]]]>
              </value>
            </param>
          </params>
          <reporter-output>
          </reporter-output>
        </test-method> <!-- ScreenShot -->
        <test-method is-config="true" signature="StopDriver()[pri:0, instance:tests.LoginTest@61dd025]" started-at="2020-06-25T16:46:18 EET" name="StopDriver" finished-at="2020-06-25T16:46:19 EET" duration-ms="823" status="PASS">
          <reporter-output>
          </reporter-output>
        </test-method> <!-- StopDriver -->
      </class> <!-- tests.LoginTest -->
    </test> <!-- Default test -->
  </suite> <!-- Default suite -->
</testng-results>
